{"C:\\Users\\VK\\dev\\stellar-burgers\\src\\slices\\burgerSlice.ts": {"path":"C:\\Users\\VK\\dev\\stellar-burgers\\src\\slices\\burgerSlice.ts","all":false,"statementMap":{"0":{"start":{"line":1,"column":0},"end":{"line":1,"column":69}},"1":{"start":{"line":2,"column":0},"end":{"line":2,"column":62}},"2":{"start":{"line":3,"column":0},"end":{"line":3,"column":36}},"3":{"start":{"line":4,"column":0},"end":{"line":4,"column":46}},"4":{"start":{"line":5,"column":0},"end":{"line":5,"column":0}},"5":{"start":{"line":6,"column":0},"end":{"line":6,"column":30}},"6":{"start":{"line":7,"column":0},"end":{"line":7,"column":37}},"7":{"start":{"line":8,"column":0},"end":{"line":8,"column":40}},"8":{"start":{"line":9,"column":0},"end":{"line":9,"column":23}},"9":{"start":{"line":10,"column":0},"end":{"line":10,"column":1}},"10":{"start":{"line":11,"column":0},"end":{"line":11,"column":0}},"11":{"start":{"line":12,"column":0},"end":{"line":12,"column":42}},"12":{"start":{"line":13,"column":0},"end":{"line":13,"column":12}},"13":{"start":{"line":14,"column":0},"end":{"line":14,"column":18}},"14":{"start":{"line":15,"column":0},"end":{"line":15,"column":13}},"15":{"start":{"line":16,"column":0},"end":{"line":16,"column":2}},"16":{"start":{"line":17,"column":0},"end":{"line":17,"column":0}},"17":{"start":{"line":18,"column":0},"end":{"line":18,"column":33}},"18":{"start":{"line":19,"column":0},"end":{"line":19,"column":28}},"19":{"start":{"line":20,"column":0},"end":{"line":20,"column":15}},"20":{"start":{"line":21,"column":0},"end":{"line":21,"column":13}},"21":{"start":{"line":22,"column":0},"end":{"line":22,"column":20}},"22":{"start":{"line":23,"column":0},"end":{"line":23,"column":74}},"23":{"start":{"line":24,"column":0},"end":{"line":24,"column":44}},"24":{"start":{"line":25,"column":0},"end":{"line":25,"column":37}},"25":{"start":{"line":26,"column":0},"end":{"line":26,"column":16}},"26":{"start":{"line":27,"column":0},"end":{"line":27,"column":49}},"27":{"start":{"line":28,"column":0},"end":{"line":28,"column":9}},"28":{"start":{"line":29,"column":0},"end":{"line":29,"column":8}},"29":{"start":{"line":30,"column":0},"end":{"line":30,"column":45}},"30":{"start":{"line":31,"column":0},"end":{"line":31,"column":28}},"31":{"start":{"line":32,"column":0},"end":{"line":32,"column":50}},"32":{"start":{"line":33,"column":0},"end":{"line":33,"column":7}},"33":{"start":{"line":34,"column":0},"end":{"line":34,"column":6}},"34":{"start":{"line":35,"column":0},"end":{"line":35,"column":65}},"35":{"start":{"line":36,"column":0},"end":{"line":36,"column":38}},"36":{"start":{"line":37,"column":0},"end":{"line":37,"column":35}},"37":{"start":{"line":38,"column":0},"end":{"line":38,"column":60}},"38":{"start":{"line":39,"column":0},"end":{"line":39,"column":6}},"39":{"start":{"line":40,"column":0},"end":{"line":40,"column":67}},"40":{"start":{"line":41,"column":0},"end":{"line":41,"column":38}},"41":{"start":{"line":42,"column":0},"end":{"line":42,"column":35}},"42":{"start":{"line":43,"column":0},"end":{"line":43,"column":60}},"43":{"start":{"line":44,"column":0},"end":{"line":44,"column":6}},"44":{"start":{"line":45,"column":0},"end":{"line":45,"column":23}},"45":{"start":{"line":46,"column":0},"end":{"line":46,"column":12}},"46":{"start":{"line":47,"column":0},"end":{"line":47,"column":51}},"47":{"start":{"line":48,"column":0},"end":{"line":48,"column":10}},"48":{"start":{"line":49,"column":0},"end":{"line":49,"column":51}},"49":{"start":{"line":50,"column":0},"end":{"line":50,"column":59}},"50":{"start":{"line":51,"column":0},"end":{"line":51,"column":8}},"51":{"start":{"line":52,"column":0},"end":{"line":52,"column":6}},"52":{"start":{"line":53,"column":0},"end":{"line":53,"column":29}},"53":{"start":{"line":54,"column":0},"end":{"line":54,"column":23}},"54":{"start":{"line":55,"column":0},"end":{"line":55,"column":29}},"55":{"start":{"line":56,"column":0},"end":{"line":56,"column":5}},"56":{"start":{"line":57,"column":0},"end":{"line":57,"column":3}},"57":{"start":{"line":58,"column":0},"end":{"line":58,"column":3}},"58":{"start":{"line":59,"column":0},"end":{"line":59,"column":0}},"59":{"start":{"line":60,"column":0},"end":{"line":60,"column":35}},"60":{"start":{"line":61,"column":0},"end":{"line":61,"column":0}},"61":{"start":{"line":62,"column":0},"end":{"line":62,"column":14}},"62":{"start":{"line":63,"column":0},"end":{"line":63,"column":16}},"63":{"start":{"line":64,"column":0},"end":{"line":64,"column":19}},"64":{"start":{"line":65,"column":0},"end":{"line":65,"column":21}},"65":{"start":{"line":66,"column":0},"end":{"line":66,"column":19}},"66":{"start":{"line":67,"column":0},"end":{"line":67,"column":13}},"67":{"start":{"line":68,"column":0},"end":{"line":68,"column":24}},"68":{"start":{"line":69,"column":0},"end":{"line":69,"column":0}},"69":{"start":{"line":70,"column":0},"end":{"line":70,"column":42}},"70":{"start":{"line":71,"column":0},"end":{"line":71,"column":71}}},"s":{"0":1,"1":1,"2":1,"3":1,"4":1,"5":1,"6":1,"7":1,"8":1,"9":1,"10":1,"11":1,"12":1,"13":1,"14":1,"15":1,"16":1,"17":1,"18":1,"19":1,"20":1,"21":1,"22":1,"23":2,"24":1,"25":1,"26":1,"27":1,"28":1,"29":1,"30":2,"31":2,"32":2,"33":1,"34":1,"35":1,"36":1,"37":1,"38":1,"39":1,"40":1,"41":1,"42":1,"43":1,"44":1,"45":1,"46":1,"47":1,"48":1,"49":1,"50":1,"51":1,"52":1,"53":1,"54":1,"55":1,"56":1,"57":1,"58":1,"59":1,"60":1,"61":1,"62":1,"63":1,"64":1,"65":1,"66":1,"67":1,"68":1,"69":1,"70":1},"branchMap":{"0":{"type":"branch","line":23,"loc":{"start":{"line":23,"column":15},"end":{"line":29,"column":7}},"locations":[{"start":{"line":23,"column":15},"end":{"line":29,"column":7}}]},"1":{"type":"branch","line":24,"loc":{"start":{"line":24,"column":43},"end":{"line":28,"column":9}},"locations":[{"start":{"line":24,"column":43},"end":{"line":28,"column":9}}]},"2":{"type":"branch","line":30,"loc":{"start":{"line":30,"column":15},"end":{"line":33,"column":7}},"locations":[{"start":{"line":30,"column":15},"end":{"line":33,"column":7}}]},"3":{"type":"branch","line":35,"loc":{"start":{"line":35,"column":22},"end":{"line":39,"column":5}},"locations":[{"start":{"line":35,"column":22},"end":{"line":39,"column":5}}]},"4":{"type":"branch","line":40,"loc":{"start":{"line":40,"column":24},"end":{"line":44,"column":5}},"locations":[{"start":{"line":40,"column":24},"end":{"line":44,"column":5}}]},"5":{"type":"branch","line":45,"loc":{"start":{"line":45,"column":22},"end":{"line":52,"column":5}},"locations":[{"start":{"line":45,"column":22},"end":{"line":52,"column":5}}]},"6":{"type":"branch","line":50,"loc":{"start":{"line":50,"column":8},"end":{"line":50,"column":34}},"locations":[{"start":{"line":50,"column":8},"end":{"line":50,"column":34}}]},"7":{"type":"branch","line":53,"loc":{"start":{"line":53,"column":17},"end":{"line":56,"column":5}},"locations":[{"start":{"line":53,"column":17},"end":{"line":56,"column":5}}]}},"b":{"0":[2],"1":[1],"2":[2],"3":[1],"4":[1],"5":[1],"6":[1],"7":[1]},"fnMap":{"0":{"name":"reducer","decl":{"start":{"line":23,"column":15},"end":{"line":29,"column":7}},"loc":{"start":{"line":23,"column":15},"end":{"line":29,"column":7}},"line":23},"1":{"name":"prepare","decl":{"start":{"line":30,"column":15},"end":{"line":33,"column":7}},"loc":{"start":{"line":30,"column":15},"end":{"line":33,"column":7}},"line":30},"2":{"name":"moveIngredientUp","decl":{"start":{"line":35,"column":22},"end":{"line":39,"column":5}},"loc":{"start":{"line":35,"column":22},"end":{"line":39,"column":5}},"line":35},"3":{"name":"moveIngredientDown","decl":{"start":{"line":40,"column":24},"end":{"line":44,"column":5}},"loc":{"start":{"line":40,"column":24},"end":{"line":44,"column":5}},"line":40},"4":{"name":"removeIngredient","decl":{"start":{"line":45,"column":22},"end":{"line":52,"column":5}},"loc":{"start":{"line":45,"column":22},"end":{"line":52,"column":5}},"line":45},"5":{"name":"clearBurger","decl":{"start":{"line":53,"column":17},"end":{"line":56,"column":5}},"loc":{"start":{"line":53,"column":17},"end":{"line":56,"column":5}},"line":53},"6":{"name":"getBurger","decl":{"start":{"line":71,"column":25},"end":{"line":71,"column":52}},"loc":{"start":{"line":71,"column":25},"end":{"line":71,"column":52}},"line":71}},"f":{"0":2,"1":2,"2":1,"3":1,"4":1,"5":1,"6":0}}
,"C:\\Users\\VK\\dev\\stellar-burgers\\src\\slices\\feedSlice.ts": {"path":"C:\\Users\\VK\\dev\\stellar-burgers\\src\\slices\\feedSlice.ts","all":false,"statementMap":{"0":{"start":{"line":1,"column":0},"end":{"line":1,"column":71}},"1":{"start":{"line":2,"column":0},"end":{"line":2,"column":65}},"2":{"start":{"line":3,"column":0},"end":{"line":3,"column":38}},"3":{"start":{"line":4,"column":0},"end":{"line":4,"column":47}},"4":{"start":{"line":5,"column":0},"end":{"line":5,"column":0}},"5":{"start":{"line":6,"column":0},"end":{"line":6,"column":28}},"6":{"start":{"line":7,"column":0},"end":{"line":7,"column":19}},"7":{"start":{"line":8,"column":0},"end":{"line":8,"column":26}},"8":{"start":{"line":9,"column":0},"end":{"line":9,"column":23}},"9":{"start":{"line":10,"column":0},"end":{"line":10,"column":26}},"10":{"start":{"line":11,"column":0},"end":{"line":11,"column":16}},"11":{"start":{"line":12,"column":0},"end":{"line":12,"column":21}},"12":{"start":{"line":13,"column":0},"end":{"line":13,"column":23}},"13":{"start":{"line":14,"column":0},"end":{"line":14,"column":1}},"14":{"start":{"line":15,"column":0},"end":{"line":15,"column":0}},"15":{"start":{"line":16,"column":0},"end":{"line":16,"column":40}},"16":{"start":{"line":17,"column":0},"end":{"line":17,"column":13}},"17":{"start":{"line":18,"column":0},"end":{"line":18,"column":24}},"18":{"start":{"line":19,"column":0},"end":{"line":19,"column":14}},"19":{"start":{"line":20,"column":0},"end":{"line":20,"column":24}},"20":{"start":{"line":21,"column":0},"end":{"line":21,"column":11}},"21":{"start":{"line":22,"column":0},"end":{"line":22,"column":16}},"22":{"start":{"line":23,"column":0},"end":{"line":23,"column":13}},"23":{"start":{"line":24,"column":0},"end":{"line":24,"column":2}},"24":{"start":{"line":25,"column":0},"end":{"line":25,"column":0}},"25":{"start":{"line":26,"column":0},"end":{"line":26,"column":75}},"26":{"start":{"line":27,"column":0},"end":{"line":27,"column":15}},"27":{"start":{"line":28,"column":0},"end":{"line":28,"column":2}},"28":{"start":{"line":29,"column":0},"end":{"line":29,"column":0}},"29":{"start":{"line":30,"column":0},"end":{"line":30,"column":46}},"30":{"start":{"line":31,"column":0},"end":{"line":31,"column":20}},"31":{"start":{"line":32,"column":0},"end":{"line":32,"column":55}},"32":{"start":{"line":33,"column":0},"end":{"line":33,"column":2}},"33":{"start":{"line":34,"column":0},"end":{"line":34,"column":0}},"34":{"start":{"line":35,"column":0},"end":{"line":35,"column":31}},"35":{"start":{"line":36,"column":0},"end":{"line":36,"column":15}},"36":{"start":{"line":37,"column":0},"end":{"line":37,"column":15}},"37":{"start":{"line":38,"column":0},"end":{"line":38,"column":15}},"38":{"start":{"line":39,"column":0},"end":{"line":39,"column":26}},"39":{"start":{"line":40,"column":0},"end":{"line":40,"column":11}},"40":{"start":{"line":41,"column":0},"end":{"line":41,"column":50}},"41":{"start":{"line":42,"column":0},"end":{"line":42,"column":36}},"42":{"start":{"line":43,"column":0},"end":{"line":43,"column":8}},"43":{"start":{"line":44,"column":0},"end":{"line":44,"column":59}},"44":{"start":{"line":45,"column":0},"end":{"line":45,"column":37}},"45":{"start":{"line":46,"column":0},"end":{"line":46,"column":44}},"46":{"start":{"line":47,"column":0},"end":{"line":47,"column":8}},"47":{"start":{"line":48,"column":0},"end":{"line":48,"column":60}},"48":{"start":{"line":49,"column":0},"end":{"line":49,"column":37}},"49":{"start":{"line":50,"column":0},"end":{"line":50,"column":45}},"50":{"start":{"line":51,"column":0},"end":{"line":51,"column":43}},"51":{"start":{"line":52,"column":0},"end":{"line":52,"column":53}},"52":{"start":{"line":53,"column":0},"end":{"line":53,"column":8}},"53":{"start":{"line":54,"column":0},"end":{"line":54,"column":50}},"54":{"start":{"line":55,"column":0},"end":{"line":55,"column":36}},"55":{"start":{"line":56,"column":0},"end":{"line":56,"column":8}},"56":{"start":{"line":57,"column":0},"end":{"line":57,"column":59}},"57":{"start":{"line":58,"column":0},"end":{"line":58,"column":44}},"58":{"start":{"line":59,"column":0},"end":{"line":59,"column":37}},"59":{"start":{"line":60,"column":0},"end":{"line":60,"column":8}},"60":{"start":{"line":61,"column":0},"end":{"line":61,"column":60}},"61":{"start":{"line":62,"column":0},"end":{"line":62,"column":47}},"62":{"start":{"line":63,"column":0},"end":{"line":63,"column":37}},"63":{"start":{"line":64,"column":0},"end":{"line":64,"column":9}},"64":{"start":{"line":65,"column":0},"end":{"line":65,"column":3}},"65":{"start":{"line":66,"column":0},"end":{"line":66,"column":3}},"66":{"start":{"line":67,"column":0},"end":{"line":67,"column":0}},"67":{"start":{"line":68,"column":0},"end":{"line":68,"column":33}},"68":{"start":{"line":69,"column":0},"end":{"line":69,"column":0}},"69":{"start":{"line":70,"column":0},"end":{"line":70,"column":42}},"70":{"start":{"line":71,"column":0},"end":{"line":71,"column":68}},"71":{"start":{"line":72,"column":0},"end":{"line":72,"column":54}},"72":{"start":{"line":73,"column":0},"end":{"line":73,"column":28}},"73":{"start":{"line":74,"column":0},"end":{"line":74,"column":63}},"74":{"start":{"line":75,"column":0},"end":{"line":75,"column":54}},"75":{"start":{"line":76,"column":0},"end":{"line":76,"column":28}},"76":{"start":{"line":77,"column":0},"end":{"line":77,"column":63}},"77":{"start":{"line":78,"column":0},"end":{"line":78,"column":73}}},"s":{"0":1,"1":1,"2":1,"3":1,"4":1,"5":1,"6":1,"7":1,"8":1,"9":1,"10":1,"11":1,"12":1,"13":1,"14":1,"15":1,"16":1,"17":1,"18":1,"19":1,"20":1,"21":1,"22":1,"23":1,"24":1,"25":1,"26":0,"27":1,"28":1,"29":1,"30":1,"31":1,"32":1,"33":1,"34":1,"35":1,"36":1,"37":1,"38":1,"39":2,"40":2,"41":1,"42":2,"43":2,"44":1,"45":1,"46":2,"47":2,"48":1,"49":1,"50":1,"51":1,"52":2,"53":2,"54":1,"55":2,"56":2,"57":1,"58":1,"59":2,"60":2,"61":1,"62":1,"63":2,"64":2,"65":1,"66":1,"67":1,"68":1,"69":1,"70":1,"71":1,"72":0,"73":1,"74":1,"75":0,"76":1,"77":1},"branchMap":{"0":{"type":"branch","line":39,"loc":{"start":{"line":39,"column":15},"end":{"line":65,"column":3}},"locations":[{"start":{"line":39,"column":15},"end":{"line":65,"column":3}}]},"1":{"type":"branch","line":41,"loc":{"start":{"line":41,"column":38},"end":{"line":43,"column":7}},"locations":[{"start":{"line":41,"column":38},"end":{"line":43,"column":7}}]},"2":{"type":"branch","line":44,"loc":{"start":{"line":44,"column":39},"end":{"line":47,"column":7}},"locations":[{"start":{"line":44,"column":39},"end":{"line":47,"column":7}}]},"3":{"type":"branch","line":48,"loc":{"start":{"line":48,"column":40},"end":{"line":53,"column":7}},"locations":[{"start":{"line":48,"column":40},"end":{"line":53,"column":7}}]},"4":{"type":"branch","line":54,"loc":{"start":{"line":54,"column":38},"end":{"line":56,"column":7}},"locations":[{"start":{"line":54,"column":38},"end":{"line":56,"column":7}}]},"5":{"type":"branch","line":57,"loc":{"start":{"line":57,"column":39},"end":{"line":60,"column":7}},"locations":[{"start":{"line":57,"column":39},"end":{"line":60,"column":7}}]},"6":{"type":"branch","line":61,"loc":{"start":{"line":61,"column":40},"end":{"line":64,"column":7}},"locations":[{"start":{"line":61,"column":40},"end":{"line":64,"column":7}}]}},"b":{"0":[2],"1":[1],"2":[1],"3":[1],"4":[1],"5":[1],"6":[1]},"fnMap":{"0":{"name":"extraReducers","decl":{"start":{"line":39,"column":15},"end":{"line":65,"column":3}},"loc":{"start":{"line":39,"column":15},"end":{"line":65,"column":3}},"line":39},"1":{"name":"selectOrders","decl":{"start":{"line":71,"column":28},"end":{"line":71,"column":55}},"loc":{"start":{"line":71,"column":28},"end":{"line":71,"column":55}},"line":71},"2":{"name":"getIsFeedsLoading","decl":{"start":{"line":72,"column":33},"end":{"line":73,"column":28}},"loc":{"start":{"line":72,"column":33},"end":{"line":73,"column":28}},"line":72},"3":{"name":"getOrder","decl":{"start":{"line":74,"column":24},"end":{"line":74,"column":51}},"loc":{"start":{"line":74,"column":24},"end":{"line":74,"column":51}},"line":74},"4":{"name":"getIsOrderLoading","decl":{"start":{"line":75,"column":33},"end":{"line":76,"column":28}},"loc":{"start":{"line":75,"column":33},"end":{"line":76,"column":28}},"line":75},"5":{"name":"getTotal","decl":{"start":{"line":77,"column":24},"end":{"line":77,"column":51}},"loc":{"start":{"line":77,"column":24},"end":{"line":77,"column":51}},"line":77},"6":{"name":"getTotalToday","decl":{"start":{"line":78,"column":29},"end":{"line":78,"column":56}},"loc":{"start":{"line":78,"column":29},"end":{"line":78,"column":56}},"line":78}},"f":{"0":2,"1":0,"2":0,"3":0,"4":0,"5":0,"6":0}}
,"C:\\Users\\VK\\dev\\stellar-burgers\\src\\slices\\ingredientsSlice.ts": {"path":"C:\\Users\\VK\\dev\\stellar-burgers\\src\\slices\\ingredientsSlice.ts","all":false,"statementMap":{"0":{"start":{"line":1,"column":0},"end":{"line":1,"column":56}},"1":{"start":{"line":2,"column":0},"end":{"line":2,"column":65}},"2":{"start":{"line":3,"column":0},"end":{"line":3,"column":43}},"3":{"start":{"line":4,"column":0},"end":{"line":4,"column":46}},"4":{"start":{"line":5,"column":0},"end":{"line":5,"column":0}},"5":{"start":{"line":6,"column":0},"end":{"line":6,"column":35}},"6":{"start":{"line":7,"column":0},"end":{"line":7,"column":29}},"7":{"start":{"line":8,"column":0},"end":{"line":8,"column":32}},"8":{"start":{"line":9,"column":0},"end":{"line":9,"column":23}},"9":{"start":{"line":10,"column":0},"end":{"line":10,"column":1}},"10":{"start":{"line":11,"column":0},"end":{"line":11,"column":0}},"11":{"start":{"line":12,"column":0},"end":{"line":12,"column":47}},"12":{"start":{"line":13,"column":0},"end":{"line":13,"column":18}},"13":{"start":{"line":14,"column":0},"end":{"line":14,"column":30}},"14":{"start":{"line":15,"column":0},"end":{"line":15,"column":13}},"15":{"start":{"line":16,"column":0},"end":{"line":16,"column":2}},"16":{"start":{"line":17,"column":0},"end":{"line":17,"column":0}},"17":{"start":{"line":18,"column":0},"end":{"line":18,"column":52}},"18":{"start":{"line":19,"column":0},"end":{"line":19,"column":31}},"19":{"start":{"line":20,"column":0},"end":{"line":20,"column":33}},"20":{"start":{"line":21,"column":0},"end":{"line":21,"column":2}},"21":{"start":{"line":22,"column":0},"end":{"line":22,"column":0}},"22":{"start":{"line":23,"column":0},"end":{"line":23,"column":38}},"23":{"start":{"line":24,"column":0},"end":{"line":24,"column":22}},"24":{"start":{"line":25,"column":0},"end":{"line":25,"column":15}},"25":{"start":{"line":26,"column":0},"end":{"line":26,"column":15}},"26":{"start":{"line":27,"column":0},"end":{"line":27,"column":26}},"27":{"start":{"line":28,"column":0},"end":{"line":28,"column":11}},"28":{"start":{"line":29,"column":0},"end":{"line":29,"column":56}},"29":{"start":{"line":30,"column":0},"end":{"line":30,"column":42}},"30":{"start":{"line":31,"column":0},"end":{"line":31,"column":8}},"31":{"start":{"line":32,"column":0},"end":{"line":32,"column":65}},"32":{"start":{"line":33,"column":0},"end":{"line":33,"column":43}},"33":{"start":{"line":34,"column":0},"end":{"line":34,"column":44}},"34":{"start":{"line":35,"column":0},"end":{"line":35,"column":8}},"35":{"start":{"line":36,"column":0},"end":{"line":36,"column":66}},"36":{"start":{"line":37,"column":0},"end":{"line":37,"column":43}},"37":{"start":{"line":38,"column":0},"end":{"line":38,"column":43}},"38":{"start":{"line":39,"column":0},"end":{"line":39,"column":9}},"39":{"start":{"line":40,"column":0},"end":{"line":40,"column":3}},"40":{"start":{"line":41,"column":0},"end":{"line":41,"column":3}},"41":{"start":{"line":42,"column":0},"end":{"line":42,"column":0}},"42":{"start":{"line":43,"column":0},"end":{"line":43,"column":40}},"43":{"start":{"line":44,"column":0},"end":{"line":44,"column":0}},"44":{"start":{"line":45,"column":0},"end":{"line":45,"column":42}},"45":{"start":{"line":46,"column":0},"end":{"line":46,"column":51}},"46":{"start":{"line":47,"column":0},"end":{"line":47,"column":32}},"47":{"start":{"line":48,"column":0},"end":{"line":48,"column":60}},"48":{"start":{"line":49,"column":0},"end":{"line":49,"column":41}}},"s":{"0":1,"1":1,"2":1,"3":1,"4":1,"5":1,"6":1,"7":1,"8":1,"9":1,"10":1,"11":1,"12":1,"13":1,"14":1,"15":1,"16":1,"17":1,"18":1,"19":1,"20":1,"21":1,"22":1,"23":1,"24":1,"25":1,"26":1,"27":2,"28":2,"29":1,"30":2,"31":2,"32":1,"33":1,"34":2,"35":2,"36":1,"37":1,"38":2,"39":2,"40":1,"41":1,"42":1,"43":1,"44":1,"45":1,"46":0,"47":1,"48":0},"branchMap":{"0":{"type":"branch","line":27,"loc":{"start":{"line":27,"column":15},"end":{"line":40,"column":3}},"locations":[{"start":{"line":27,"column":15},"end":{"line":40,"column":3}}]},"1":{"type":"branch","line":29,"loc":{"start":{"line":29,"column":44},"end":{"line":31,"column":7}},"locations":[{"start":{"line":29,"column":44},"end":{"line":31,"column":7}}]},"2":{"type":"branch","line":32,"loc":{"start":{"line":32,"column":45},"end":{"line":35,"column":7}},"locations":[{"start":{"line":32,"column":45},"end":{"line":35,"column":7}}]},"3":{"type":"branch","line":36,"loc":{"start":{"line":36,"column":46},"end":{"line":39,"column":7}},"locations":[{"start":{"line":36,"column":46},"end":{"line":39,"column":7}}]}},"b":{"0":[2],"1":[1],"2":[1],"3":[1]},"fnMap":{"0":{"name":"extraReducers","decl":{"start":{"line":27,"column":15},"end":{"line":40,"column":3}},"loc":{"start":{"line":27,"column":15},"end":{"line":40,"column":3}},"line":27},"1":{"name":"getIngredients","decl":{"start":{"line":46,"column":30},"end":{"line":47,"column":32}},"loc":{"start":{"line":46,"column":30},"end":{"line":47,"column":32}},"line":46},"2":{"name":"getIngredientsIsLoading","decl":{"start":{"line":48,"column":39},"end":{"line":49,"column":41}},"loc":{"start":{"line":48,"column":39},"end":{"line":49,"column":41}},"line":48}},"f":{"0":2,"1":0,"2":0}}
,"C:\\Users\\VK\\dev\\stellar-burgers\\src\\slices\\orderSlice.ts": {"path":"C:\\Users\\VK\\dev\\stellar-burgers\\src\\slices\\orderSlice.ts","all":false,"statementMap":{"0":{"start":{"line":1,"column":0},"end":{"line":1,"column":53}},"1":{"start":{"line":2,"column":0},"end":{"line":2,"column":65}},"2":{"start":{"line":3,"column":0},"end":{"line":3,"column":38}},"3":{"start":{"line":4,"column":0},"end":{"line":4,"column":46}},"4":{"start":{"line":5,"column":0},"end":{"line":5,"column":0}},"5":{"start":{"line":6,"column":0},"end":{"line":6,"column":29}},"6":{"start":{"line":7,"column":0},"end":{"line":7,"column":23}},"7":{"start":{"line":8,"column":0},"end":{"line":8,"column":26}},"8":{"start":{"line":9,"column":0},"end":{"line":9,"column":23}},"9":{"start":{"line":10,"column":0},"end":{"line":10,"column":1}},"10":{"start":{"line":11,"column":0},"end":{"line":11,"column":0}},"11":{"start":{"line":12,"column":0},"end":{"line":12,"column":41}},"12":{"start":{"line":13,"column":0},"end":{"line":13,"column":14}},"13":{"start":{"line":14,"column":0},"end":{"line":14,"column":24}},"14":{"start":{"line":15,"column":0},"end":{"line":15,"column":13}},"15":{"start":{"line":16,"column":0},"end":{"line":16,"column":2}},"16":{"start":{"line":17,"column":0},"end":{"line":17,"column":0}},"17":{"start":{"line":18,"column":0},"end":{"line":18,"column":53}},"18":{"start":{"line":19,"column":0},"end":{"line":19,"column":27}},"19":{"start":{"line":20,"column":0},"end":{"line":20,"column":48}},"20":{"start":{"line":21,"column":0},"end":{"line":21,"column":2}},"21":{"start":{"line":22,"column":0},"end":{"line":22,"column":0}},"22":{"start":{"line":23,"column":0},"end":{"line":23,"column":39}},"23":{"start":{"line":24,"column":0},"end":{"line":24,"column":16}},"24":{"start":{"line":25,"column":0},"end":{"line":25,"column":15}},"25":{"start":{"line":26,"column":0},"end":{"line":26,"column":13}},"26":{"start":{"line":27,"column":0},"end":{"line":27,"column":28}},"27":{"start":{"line":28,"column":0},"end":{"line":28,"column":25}},"28":{"start":{"line":29,"column":0},"end":{"line":29,"column":35}},"29":{"start":{"line":30,"column":0},"end":{"line":30,"column":5}},"30":{"start":{"line":31,"column":0},"end":{"line":31,"column":4}},"31":{"start":{"line":32,"column":0},"end":{"line":32,"column":26}},"32":{"start":{"line":33,"column":0},"end":{"line":33,"column":11}},"33":{"start":{"line":34,"column":0},"end":{"line":34,"column":57}},"34":{"start":{"line":35,"column":0},"end":{"line":35,"column":36}},"35":{"start":{"line":36,"column":0},"end":{"line":36,"column":8}},"36":{"start":{"line":37,"column":0},"end":{"line":37,"column":66}},"37":{"start":{"line":38,"column":0},"end":{"line":38,"column":37}},"38":{"start":{"line":39,"column":0},"end":{"line":39,"column":44}},"39":{"start":{"line":40,"column":0},"end":{"line":40,"column":8}},"40":{"start":{"line":41,"column":0},"end":{"line":41,"column":67}},"41":{"start":{"line":42,"column":0},"end":{"line":42,"column":37}},"42":{"start":{"line":43,"column":0},"end":{"line":43,"column":43}},"43":{"start":{"line":44,"column":0},"end":{"line":44,"column":9}},"44":{"start":{"line":45,"column":0},"end":{"line":45,"column":3}},"45":{"start":{"line":46,"column":0},"end":{"line":46,"column":3}},"46":{"start":{"line":47,"column":0},"end":{"line":47,"column":0}},"47":{"start":{"line":48,"column":0},"end":{"line":48,"column":49}},"48":{"start":{"line":49,"column":0},"end":{"line":49,"column":34}},"49":{"start":{"line":50,"column":0},"end":{"line":50,"column":0}},"50":{"start":{"line":51,"column":0},"end":{"line":51,"column":42}},"51":{"start":{"line":52,"column":0},"end":{"line":52,"column":54}},"52":{"start":{"line":53,"column":0},"end":{"line":53,"column":29}},"53":{"start":{"line":54,"column":0},"end":{"line":54,"column":64}}},"s":{"0":1,"1":1,"2":1,"3":1,"4":1,"5":1,"6":1,"7":1,"8":1,"9":1,"10":1,"11":1,"12":1,"13":1,"14":1,"15":1,"16":1,"17":1,"18":1,"19":1,"20":1,"21":1,"22":1,"23":1,"24":1,"25":1,"26":1,"27":1,"28":1,"29":1,"30":1,"31":1,"32":2,"33":2,"34":1,"35":2,"36":2,"37":1,"38":1,"39":2,"40":2,"41":1,"42":1,"43":2,"44":2,"45":1,"46":1,"47":1,"48":1,"49":1,"50":1,"51":1,"52":0,"53":1},"branchMap":{"0":{"type":"branch","line":27,"loc":{"start":{"line":27,"column":16},"end":{"line":30,"column":5}},"locations":[{"start":{"line":27,"column":16},"end":{"line":30,"column":5}}]},"1":{"type":"branch","line":32,"loc":{"start":{"line":32,"column":15},"end":{"line":45,"column":3}},"locations":[{"start":{"line":32,"column":15},"end":{"line":45,"column":3}}]},"2":{"type":"branch","line":34,"loc":{"start":{"line":34,"column":45},"end":{"line":36,"column":7}},"locations":[{"start":{"line":34,"column":45},"end":{"line":36,"column":7}}]},"3":{"type":"branch","line":37,"loc":{"start":{"line":37,"column":46},"end":{"line":40,"column":7}},"locations":[{"start":{"line":37,"column":46},"end":{"line":40,"column":7}}]},"4":{"type":"branch","line":41,"loc":{"start":{"line":41,"column":47},"end":{"line":44,"column":7}},"locations":[{"start":{"line":41,"column":47},"end":{"line":44,"column":7}}]}},"b":{"0":[1],"1":[2],"2":[1],"3":[1],"4":[1]},"fnMap":{"0":{"name":"clearOrder","decl":{"start":{"line":27,"column":16},"end":{"line":30,"column":5}},"loc":{"start":{"line":27,"column":16},"end":{"line":30,"column":5}},"line":27},"1":{"name":"extraReducers","decl":{"start":{"line":32,"column":15},"end":{"line":45,"column":3}},"loc":{"start":{"line":32,"column":15},"end":{"line":45,"column":3}},"line":32},"2":{"name":"getIsOrderLoading","decl":{"start":{"line":52,"column":33},"end":{"line":53,"column":29}},"loc":{"start":{"line":52,"column":33},"end":{"line":53,"column":29}},"line":52},"3":{"name":"getOrder","decl":{"start":{"line":54,"column":24},"end":{"line":54,"column":51}},"loc":{"start":{"line":54,"column":24},"end":{"line":54,"column":51}},"line":54}},"f":{"0":1,"1":2,"2":0,"3":0}}
,"C:\\Users\\VK\\dev\\stellar-burgers\\src\\slices\\userSlice.ts": {"path":"C:\\Users\\VK\\dev\\stellar-burgers\\src\\slices\\userSlice.ts","all":false,"statementMap":{"0":{"start":{"line":1,"column":0},"end":{"line":1,"column":8}},"1":{"start":{"line":2,"column":0},"end":{"line":2,"column":13}},"2":{"start":{"line":3,"column":0},"end":{"line":3,"column":16}},"3":{"start":{"line":4,"column":0},"end":{"line":4,"column":15}},"4":{"start":{"line":5,"column":0},"end":{"line":5,"column":13}},"5":{"start":{"line":6,"column":0},"end":{"line":6,"column":15}},"6":{"start":{"line":7,"column":0},"end":{"line":7,"column":12}},"7":{"start":{"line":8,"column":0},"end":{"line":8,"column":18}},"8":{"start":{"line":9,"column":0},"end":{"line":9,"column":15}},"9":{"start":{"line":10,"column":0},"end":{"line":10,"column":29}},"10":{"start":{"line":11,"column":0},"end":{"line":11,"column":65}},"11":{"start":{"line":12,"column":0},"end":{"line":12,"column":45}},"12":{"start":{"line":13,"column":0},"end":{"line":13,"column":58}},"13":{"start":{"line":14,"column":0},"end":{"line":14,"column":46}},"14":{"start":{"line":15,"column":0},"end":{"line":15,"column":0}},"15":{"start":{"line":16,"column":0},"end":{"line":16,"column":28}},"16":{"start":{"line":17,"column":0},"end":{"line":17,"column":29}},"17":{"start":{"line":18,"column":0},"end":{"line":18,"column":28}},"18":{"start":{"line":19,"column":0},"end":{"line":19,"column":21}},"19":{"start":{"line":20,"column":0},"end":{"line":20,"column":19}},"20":{"start":{"line":21,"column":0},"end":{"line":21,"column":25}},"21":{"start":{"line":22,"column":0},"end":{"line":22,"column":23}},"22":{"start":{"line":23,"column":0},"end":{"line":23,"column":1}},"23":{"start":{"line":24,"column":0},"end":{"line":24,"column":0}},"24":{"start":{"line":25,"column":0},"end":{"line":25,"column":40}},"25":{"start":{"line":26,"column":0},"end":{"line":26,"column":27}},"26":{"start":{"line":27,"column":0},"end":{"line":27,"column":26}},"27":{"start":{"line":28,"column":0},"end":{"line":28,"column":13}},"28":{"start":{"line":29,"column":0},"end":{"line":29,"column":13}},"29":{"start":{"line":30,"column":0},"end":{"line":30,"column":23}},"30":{"start":{"line":31,"column":0},"end":{"line":31,"column":13}},"31":{"start":{"line":32,"column":0},"end":{"line":32,"column":2}},"32":{"start":{"line":33,"column":0},"end":{"line":33,"column":0}},"33":{"start":{"line":34,"column":0},"end":{"line":34,"column":72}},"34":{"start":{"line":35,"column":0},"end":{"line":35,"column":14}},"35":{"start":{"line":36,"column":0},"end":{"line":36,"column":2}},"36":{"start":{"line":37,"column":0},"end":{"line":37,"column":0}},"37":{"start":{"line":38,"column":0},"end":{"line":38,"column":80}},"38":{"start":{"line":39,"column":0},"end":{"line":39,"column":16}},"39":{"start":{"line":40,"column":0},"end":{"line":40,"column":2}},"40":{"start":{"line":41,"column":0},"end":{"line":41,"column":0}},"41":{"start":{"line":42,"column":0},"end":{"line":42,"column":47}},"42":{"start":{"line":43,"column":0},"end":{"line":43,"column":24}},"43":{"start":{"line":44,"column":0},"end":{"line":44,"column":29}},"44":{"start":{"line":45,"column":0},"end":{"line":45,"column":39}},"45":{"start":{"line":46,"column":0},"end":{"line":46,"column":49}},"46":{"start":{"line":47,"column":0},"end":{"line":47,"column":62}},"47":{"start":{"line":48,"column":0},"end":{"line":48,"column":23}},"48":{"start":{"line":49,"column":0},"end":{"line":49,"column":6}},"49":{"start":{"line":50,"column":0},"end":{"line":50,"column":2}},"50":{"start":{"line":51,"column":0},"end":{"line":51,"column":0}},"51":{"start":{"line":52,"column":0},"end":{"line":52,"column":24}},"52":{"start":{"line":53,"column":0},"end":{"line":53,"column":50}},"53":{"start":{"line":54,"column":0},"end":{"line":54,"column":27}},"54":{"start":{"line":55,"column":0},"end":{"line":55,"column":32}},"55":{"start":{"line":56,"column":0},"end":{"line":56,"column":42}},"56":{"start":{"line":57,"column":0},"end":{"line":57,"column":49}},"57":{"start":{"line":58,"column":0},"end":{"line":58,"column":62}},"58":{"start":{"line":59,"column":0},"end":{"line":59,"column":23}},"59":{"start":{"line":60,"column":0},"end":{"line":60,"column":6}},"60":{"start":{"line":61,"column":0},"end":{"line":61,"column":2}},"61":{"start":{"line":62,"column":0},"end":{"line":62,"column":0}},"62":{"start":{"line":63,"column":0},"end":{"line":63,"column":42}},"63":{"start":{"line":64,"column":0},"end":{"line":64,"column":48}},"64":{"start":{"line":65,"column":0},"end":{"line":65,"column":20}},"65":{"start":{"line":66,"column":0},"end":{"line":66,"column":61}},"66":{"start":{"line":67,"column":0},"end":{"line":67,"column":2}},"67":{"start":{"line":68,"column":0},"end":{"line":68,"column":0}},"68":{"start":{"line":69,"column":0},"end":{"line":69,"column":20}},"69":{"start":{"line":70,"column":0},"end":{"line":70,"column":74}},"70":{"start":{"line":71,"column":0},"end":{"line":71,"column":26}},"71":{"start":{"line":72,"column":0},"end":{"line":72,"column":32}},"72":{"start":{"line":73,"column":0},"end":{"line":73,"column":44}},"73":{"start":{"line":74,"column":0},"end":{"line":74,"column":4}},"74":{"start":{"line":75,"column":0},"end":{"line":75,"column":2}},"75":{"start":{"line":76,"column":0},"end":{"line":76,"column":0}},"76":{"start":{"line":77,"column":0},"end":{"line":77,"column":31}},"77":{"start":{"line":78,"column":0},"end":{"line":78,"column":15}},"78":{"start":{"line":79,"column":0},"end":{"line":79,"column":15}},"79":{"start":{"line":80,"column":0},"end":{"line":80,"column":13}},"80":{"start":{"line":81,"column":0},"end":{"line":81,"column":29}},"81":{"start":{"line":82,"column":0},"end":{"line":82,"column":25}},"82":{"start":{"line":83,"column":0},"end":{"line":83,"column":5}},"83":{"start":{"line":84,"column":0},"end":{"line":84,"column":4}},"84":{"start":{"line":85,"column":0},"end":{"line":85,"column":26}},"85":{"start":{"line":86,"column":0},"end":{"line":86,"column":11}},"86":{"start":{"line":87,"column":0},"end":{"line":87,"column":51}},"87":{"start":{"line":88,"column":0},"end":{"line":88,"column":38}},"88":{"start":{"line":89,"column":0},"end":{"line":89,"column":27}},"89":{"start":{"line":90,"column":0},"end":{"line":90,"column":8}},"90":{"start":{"line":91,"column":0},"end":{"line":91,"column":60}},"91":{"start":{"line":92,"column":0},"end":{"line":92,"column":39}},"92":{"start":{"line":93,"column":0},"end":{"line":93,"column":44}},"93":{"start":{"line":94,"column":0},"end":{"line":94,"column":8}},"94":{"start":{"line":95,"column":0},"end":{"line":95,"column":61}},"95":{"start":{"line":96,"column":0},"end":{"line":96,"column":36}},"96":{"start":{"line":97,"column":0},"end":{"line":97,"column":39}},"97":{"start":{"line":98,"column":0},"end":{"line":98,"column":39}},"98":{"start":{"line":99,"column":0},"end":{"line":99,"column":8}},"99":{"start":{"line":100,"column":0},"end":{"line":100,"column":52}},"100":{"start":{"line":101,"column":0},"end":{"line":101,"column":26}},"101":{"start":{"line":102,"column":0},"end":{"line":102,"column":39}},"102":{"start":{"line":103,"column":0},"end":{"line":103,"column":40}},"103":{"start":{"line":104,"column":0},"end":{"line":104,"column":8}},"104":{"start":{"line":105,"column":0},"end":{"line":105,"column":49}},"105":{"start":{"line":106,"column":0},"end":{"line":106,"column":38}},"106":{"start":{"line":107,"column":0},"end":{"line":107,"column":8}},"107":{"start":{"line":108,"column":0},"end":{"line":108,"column":58}},"108":{"start":{"line":109,"column":0},"end":{"line":109,"column":26}},"109":{"start":{"line":110,"column":0},"end":{"line":110,"column":39}},"110":{"start":{"line":111,"column":0},"end":{"line":111,"column":44}},"111":{"start":{"line":112,"column":0},"end":{"line":112,"column":8}},"112":{"start":{"line":113,"column":0},"end":{"line":113,"column":59}},"113":{"start":{"line":114,"column":0},"end":{"line":114,"column":41}},"114":{"start":{"line":115,"column":0},"end":{"line":115,"column":39}},"115":{"start":{"line":116,"column":0},"end":{"line":116,"column":39}},"116":{"start":{"line":117,"column":0},"end":{"line":117,"column":8}},"117":{"start":{"line":118,"column":0},"end":{"line":118,"column":54}},"118":{"start":{"line":119,"column":0},"end":{"line":119,"column":40}},"119":{"start":{"line":120,"column":0},"end":{"line":120,"column":38}},"120":{"start":{"line":121,"column":0},"end":{"line":121,"column":8}},"121":{"start":{"line":122,"column":0},"end":{"line":122,"column":63}},"122":{"start":{"line":123,"column":0},"end":{"line":123,"column":40}},"123":{"start":{"line":124,"column":0},"end":{"line":124,"column":39}},"124":{"start":{"line":125,"column":0},"end":{"line":125,"column":44}},"125":{"start":{"line":126,"column":0},"end":{"line":126,"column":8}},"126":{"start":{"line":127,"column":0},"end":{"line":127,"column":64}},"127":{"start":{"line":128,"column":0},"end":{"line":128,"column":36}},"128":{"start":{"line":129,"column":0},"end":{"line":129,"column":39}},"129":{"start":{"line":130,"column":0},"end":{"line":130,"column":39}},"130":{"start":{"line":131,"column":0},"end":{"line":131,"column":8}},"131":{"start":{"line":132,"column":0},"end":{"line":132,"column":52}},"132":{"start":{"line":133,"column":0},"end":{"line":133,"column":38}},"133":{"start":{"line":134,"column":0},"end":{"line":134,"column":8}},"134":{"start":{"line":135,"column":0},"end":{"line":135,"column":61}},"135":{"start":{"line":136,"column":0},"end":{"line":136,"column":39}},"136":{"start":{"line":137,"column":0},"end":{"line":137,"column":44}},"137":{"start":{"line":138,"column":0},"end":{"line":138,"column":8}},"138":{"start":{"line":139,"column":0},"end":{"line":139,"column":62}},"139":{"start":{"line":140,"column":0},"end":{"line":140,"column":41}},"140":{"start":{"line":141,"column":0},"end":{"line":141,"column":39}},"141":{"start":{"line":142,"column":0},"end":{"line":142,"column":39}},"142":{"start":{"line":143,"column":0},"end":{"line":143,"column":8}},"143":{"start":{"line":144,"column":0},"end":{"line":144,"column":51}},"144":{"start":{"line":145,"column":0},"end":{"line":145,"column":35}},"145":{"start":{"line":146,"column":0},"end":{"line":146,"column":8}},"146":{"start":{"line":147,"column":0},"end":{"line":147,"column":60}},"147":{"start":{"line":148,"column":0},"end":{"line":148,"column":44}},"148":{"start":{"line":149,"column":0},"end":{"line":149,"column":36}},"149":{"start":{"line":150,"column":0},"end":{"line":150,"column":8}},"150":{"start":{"line":151,"column":0},"end":{"line":151,"column":61}},"151":{"start":{"line":152,"column":0},"end":{"line":152,"column":38}},"152":{"start":{"line":153,"column":0},"end":{"line":153,"column":36}},"153":{"start":{"line":154,"column":0},"end":{"line":154,"column":9}},"154":{"start":{"line":155,"column":0},"end":{"line":155,"column":3}},"155":{"start":{"line":156,"column":0},"end":{"line":156,"column":3}},"156":{"start":{"line":157,"column":0},"end":{"line":157,"column":0}},"157":{"start":{"line":158,"column":0},"end":{"line":158,"column":49}},"158":{"start":{"line":159,"column":0},"end":{"line":159,"column":33}},"159":{"start":{"line":160,"column":0},"end":{"line":160,"column":0}},"160":{"start":{"line":161,"column":0},"end":{"line":161,"column":42}},"161":{"start":{"line":162,"column":0},"end":{"line":162,"column":53}},"162":{"start":{"line":163,"column":0},"end":{"line":163,"column":31}},"163":{"start":{"line":164,"column":0},"end":{"line":164,"column":56}},"164":{"start":{"line":165,"column":0},"end":{"line":165,"column":30}},"165":{"start":{"line":166,"column":0},"end":{"line":166,"column":71}},"166":{"start":{"line":167,"column":0},"end":{"line":167,"column":73}},"167":{"start":{"line":168,"column":0},"end":{"line":168,"column":61}},"168":{"start":{"line":169,"column":0},"end":{"line":169,"column":69}},"169":{"start":{"line":170,"column":0},"end":{"line":170,"column":79}},"170":{"start":{"line":171,"column":0},"end":{"line":171,"column":63}}},"s":{"0":1,"1":1,"2":1,"3":1,"4":1,"5":1,"6":1,"7":1,"8":1,"9":1,"10":1,"11":1,"12":1,"13":1,"14":1,"15":1,"16":1,"17":1,"18":1,"19":1,"20":1,"21":1,"22":1,"23":1,"24":1,"25":1,"26":1,"27":1,"28":1,"29":1,"30":1,"31":1,"32":1,"33":1,"34":0,"35":1,"36":1,"37":1,"38":0,"39":1,"40":1,"41":1,"42":1,"43":1,"44":0,"45":0,"46":0,"47":0,"48":0,"49":1,"50":1,"51":1,"52":1,"53":1,"54":1,"55":0,"56":0,"57":0,"58":0,"59":0,"60":1,"61":1,"62":1,"63":1,"64":1,"65":1,"66":1,"67":1,"68":1,"69":1,"70":0,"71":0,"72":0,"73":0,"74":1,"75":1,"76":1,"77":1,"78":1,"79":1,"80":1,"81":1,"82":1,"83":1,"84":1,"85":2,"86":2,"87":1,"88":1,"89":2,"90":2,"91":1,"92":1,"93":2,"94":2,"95":1,"96":1,"97":1,"98":2,"99":2,"100":1,"101":1,"102":1,"103":2,"104":2,"105":1,"106":2,"107":2,"108":1,"109":1,"110":1,"111":2,"112":2,"113":1,"114":1,"115":1,"116":2,"117":2,"118":1,"119":1,"120":2,"121":2,"122":1,"123":1,"124":1,"125":2,"126":2,"127":1,"128":1,"129":1,"130":2,"131":2,"132":1,"133":2,"134":2,"135":1,"136":1,"137":2,"138":2,"139":1,"140":1,"141":1,"142":2,"143":2,"144":1,"145":2,"146":2,"147":1,"148":1,"149":2,"150":2,"151":1,"152":1,"153":2,"154":2,"155":1,"156":1,"157":1,"158":1,"159":1,"160":1,"161":1,"162":0,"163":1,"164":0,"165":1,"166":1,"167":1,"168":1,"169":1,"170":1},"branchMap":{"0":{"type":"branch","line":81,"loc":{"start":{"line":81,"column":17},"end":{"line":83,"column":5}},"locations":[{"start":{"line":81,"column":17},"end":{"line":83,"column":5}}]},"1":{"type":"branch","line":85,"loc":{"start":{"line":85,"column":15},"end":{"line":155,"column":3}},"locations":[{"start":{"line":85,"column":15},"end":{"line":155,"column":3}}]},"2":{"type":"branch","line":87,"loc":{"start":{"line":87,"column":39},"end":{"line":90,"column":7}},"locations":[{"start":{"line":87,"column":39},"end":{"line":90,"column":7}}]},"3":{"type":"branch","line":91,"loc":{"start":{"line":91,"column":40},"end":{"line":94,"column":7}},"locations":[{"start":{"line":91,"column":40},"end":{"line":94,"column":7}}]},"4":{"type":"branch","line":95,"loc":{"start":{"line":95,"column":41},"end":{"line":99,"column":7}},"locations":[{"start":{"line":95,"column":41},"end":{"line":99,"column":7}}]},"5":{"type":"branch","line":100,"loc":{"start":{"line":100,"column":40},"end":{"line":104,"column":7}},"locations":[{"start":{"line":100,"column":40},"end":{"line":104,"column":7}}]},"6":{"type":"branch","line":105,"loc":{"start":{"line":105,"column":37},"end":{"line":107,"column":7}},"locations":[{"start":{"line":105,"column":37},"end":{"line":107,"column":7}}]},"7":{"type":"branch","line":108,"loc":{"start":{"line":108,"column":38},"end":{"line":112,"column":7}},"locations":[{"start":{"line":108,"column":38},"end":{"line":112,"column":7}}]},"8":{"type":"branch","line":113,"loc":{"start":{"line":113,"column":39},"end":{"line":117,"column":7}},"locations":[{"start":{"line":113,"column":39},"end":{"line":117,"column":7}}]},"9":{"type":"branch","line":118,"loc":{"start":{"line":118,"column":42},"end":{"line":121,"column":7}},"locations":[{"start":{"line":118,"column":42},"end":{"line":121,"column":7}}]},"10":{"type":"branch","line":122,"loc":{"start":{"line":122,"column":43},"end":{"line":126,"column":7}},"locations":[{"start":{"line":122,"column":43},"end":{"line":126,"column":7}}]},"11":{"type":"branch","line":127,"loc":{"start":{"line":127,"column":44},"end":{"line":131,"column":7}},"locations":[{"start":{"line":127,"column":44},"end":{"line":131,"column":7}}]},"12":{"type":"branch","line":132,"loc":{"start":{"line":132,"column":40},"end":{"line":134,"column":7}},"locations":[{"start":{"line":132,"column":40},"end":{"line":134,"column":7}}]},"13":{"type":"branch","line":135,"loc":{"start":{"line":135,"column":41},"end":{"line":138,"column":7}},"locations":[{"start":{"line":135,"column":41},"end":{"line":138,"column":7}}]},"14":{"type":"branch","line":139,"loc":{"start":{"line":139,"column":42},"end":{"line":143,"column":7}},"locations":[{"start":{"line":139,"column":42},"end":{"line":143,"column":7}}]},"15":{"type":"branch","line":144,"loc":{"start":{"line":144,"column":39},"end":{"line":146,"column":7}},"locations":[{"start":{"line":144,"column":39},"end":{"line":146,"column":7}}]},"16":{"type":"branch","line":147,"loc":{"start":{"line":147,"column":40},"end":{"line":150,"column":7}},"locations":[{"start":{"line":147,"column":40},"end":{"line":150,"column":7}}]},"17":{"type":"branch","line":151,"loc":{"start":{"line":151,"column":41},"end":{"line":154,"column":7}},"locations":[{"start":{"line":151,"column":41},"end":{"line":154,"column":7}}]}},"b":{"0":[1],"1":[2],"2":[1],"3":[1],"4":[1],"5":[1],"6":[1],"7":[1],"8":[1],"9":[1],"10":[1],"11":[1],"12":[1],"13":[1],"14":[1],"15":[1],"16":[1],"17":[1]},"fnMap":{"0":{"name":"clearErrors","decl":{"start":{"line":81,"column":17},"end":{"line":83,"column":5}},"loc":{"start":{"line":81,"column":17},"end":{"line":83,"column":5}},"line":81},"1":{"name":"extraReducers","decl":{"start":{"line":85,"column":15},"end":{"line":155,"column":3}},"loc":{"start":{"line":85,"column":15},"end":{"line":155,"column":3}},"line":85},"2":{"name":"getIsAuthChecked","decl":{"start":{"line":162,"column":32},"end":{"line":163,"column":31}},"loc":{"start":{"line":162,"column":32},"end":{"line":163,"column":31}},"line":162},"3":{"name":"getLoginUserRequest","decl":{"start":{"line":164,"column":35},"end":{"line":165,"column":30}},"loc":{"start":{"line":164,"column":35},"end":{"line":165,"column":30}},"line":164},"4":{"name":"getUserName","decl":{"start":{"line":166,"column":27},"end":{"line":166,"column":71}},"loc":{"start":{"line":166,"column":27},"end":{"line":166,"column":71}},"line":166},"5":{"name":"getUserEmail","decl":{"start":{"line":167,"column":28},"end":{"line":167,"column":73}},"loc":{"start":{"line":167,"column":28},"end":{"line":167,"column":73}},"line":167},"6":{"name":"getUser","decl":{"start":{"line":168,"column":23},"end":{"line":168,"column":50}},"loc":{"start":{"line":168,"column":23},"end":{"line":168,"column":50}},"line":168},"7":{"name":"getUserOrders","decl":{"start":{"line":169,"column":29},"end":{"line":169,"column":56}},"loc":{"start":{"line":169,"column":29},"end":{"line":169,"column":56}},"line":169},"8":{"name":"getOrdersRequest","decl":{"start":{"line":170,"column":32},"end":{"line":170,"column":59}},"loc":{"start":{"line":170,"column":32},"end":{"line":170,"column":59}},"line":170},"9":{"name":"getError","decl":{"start":{"line":171,"column":24},"end":{"line":171,"column":51}},"loc":{"start":{"line":171,"column":24},"end":{"line":171,"column":51}},"line":171}},"f":{"0":1,"1":2,"2":0,"3":0,"4":0,"5":0,"6":0,"7":0,"8":0,"9":0}}
}
