TN:
SF:src\slices\burgerSlice.ts
FN:23,reducer
FN:30,prepare
FN:35,moveIngredientUp
FN:40,moveIngredientDown
FN:45,removeIngredient
FN:53,clearBurger
FN:71,getBurger
FNF:7
FNH:6
FNDA:2,reducer
FNDA:2,prepare
FNDA:1,moveIngredientUp
FNDA:1,moveIngredientDown
FNDA:1,removeIngredient
FNDA:1,clearBurger
FNDA:0,getBurger
DA:1,1
DA:2,1
DA:3,1
DA:4,1
DA:5,1
DA:6,1
DA:7,1
DA:8,1
DA:9,1
DA:10,1
DA:11,1
DA:12,1
DA:13,1
DA:14,1
DA:15,1
DA:16,1
DA:17,1
DA:18,1
DA:19,1
DA:20,1
DA:21,1
DA:22,1
DA:23,1
DA:24,2
DA:25,1
DA:26,1
DA:27,1
DA:28,1
DA:29,1
DA:30,1
DA:31,2
DA:32,2
DA:33,2
DA:34,1
DA:35,1
DA:36,1
DA:37,1
DA:38,1
DA:39,1
DA:40,1
DA:41,1
DA:42,1
DA:43,1
DA:44,1
DA:45,1
DA:46,1
DA:47,1
DA:48,1
DA:49,1
DA:50,1
DA:51,1
DA:52,1
DA:53,1
DA:54,1
DA:55,1
DA:56,1
DA:57,1
DA:58,1
DA:59,1
DA:60,1
DA:61,1
DA:62,1
DA:63,1
DA:64,1
DA:65,1
DA:66,1
DA:67,1
DA:68,1
DA:69,1
DA:70,1
DA:71,1
LF:71
LH:71
BRDA:23,0,0,2
BRDA:24,1,0,1
BRDA:30,2,0,2
BRDA:35,3,0,1
BRDA:40,4,0,1
BRDA:45,5,0,1
BRDA:50,6,0,1
BRDA:53,7,0,1
BRF:8
BRH:8
end_of_record
TN:
SF:src\slices\feedSlice.ts
FN:39,extraReducers
FN:71,selectOrders
FN:72,getIsFeedsLoading
FN:74,getOrder
FN:75,getIsOrderLoading
FN:77,getTotal
FN:78,getTotalToday
FNF:7
FNH:1
FNDA:2,extraReducers
FNDA:0,selectOrders
FNDA:0,getIsFeedsLoading
FNDA:0,getOrder
FNDA:0,getIsOrderLoading
FNDA:0,getTotal
FNDA:0,getTotalToday
DA:1,1
DA:2,1
DA:3,1
DA:4,1
DA:5,1
DA:6,1
DA:7,1
DA:8,1
DA:9,1
DA:10,1
DA:11,1
DA:12,1
DA:13,1
DA:14,1
DA:15,1
DA:16,1
DA:17,1
DA:18,1
DA:19,1
DA:20,1
DA:21,1
DA:22,1
DA:23,1
DA:24,1
DA:25,1
DA:26,1
DA:27,0
DA:28,1
DA:29,1
DA:30,1
DA:31,1
DA:32,1
DA:33,1
DA:34,1
DA:35,1
DA:36,1
DA:37,1
DA:38,1
DA:39,1
DA:40,2
DA:41,2
DA:42,1
DA:43,2
DA:44,2
DA:45,1
DA:46,1
DA:47,2
DA:48,2
DA:49,1
DA:50,1
DA:51,1
DA:52,1
DA:53,2
DA:54,2
DA:55,1
DA:56,2
DA:57,2
DA:58,1
DA:59,1
DA:60,2
DA:61,2
DA:62,1
DA:63,1
DA:64,2
DA:65,2
DA:66,1
DA:67,1
DA:68,1
DA:69,1
DA:70,1
DA:71,1
DA:72,1
DA:73,0
DA:74,1
DA:75,1
DA:76,0
DA:77,1
DA:78,1
LF:78
LH:75
BRDA:39,0,0,2
BRDA:41,1,0,1
BRDA:44,2,0,1
BRDA:48,3,0,1
BRDA:54,4,0,1
BRDA:57,5,0,1
BRDA:61,6,0,1
BRF:7
BRH:7
end_of_record
TN:
SF:src\slices\ingredientsSlice.ts
FN:27,extraReducers
FN:46,getIngredients
FN:48,getIngredientsIsLoading
FNF:3
FNH:1
FNDA:2,extraReducers
FNDA:0,getIngredients
FNDA:0,getIngredientsIsLoading
DA:1,1
DA:2,1
DA:3,1
DA:4,1
DA:5,1
DA:6,1
DA:7,1
DA:8,1
DA:9,1
DA:10,1
DA:11,1
DA:12,1
DA:13,1
DA:14,1
DA:15,1
DA:16,1
DA:17,1
DA:18,1
DA:19,1
DA:20,1
DA:21,1
DA:22,1
DA:23,1
DA:24,1
DA:25,1
DA:26,1
DA:27,1
DA:28,2
DA:29,2
DA:30,1
DA:31,2
DA:32,2
DA:33,1
DA:34,1
DA:35,2
DA:36,2
DA:37,1
DA:38,1
DA:39,2
DA:40,2
DA:41,1
DA:42,1
DA:43,1
DA:44,1
DA:45,1
DA:46,1
DA:47,0
DA:48,1
DA:49,0
LF:49
LH:47
BRDA:27,0,0,2
BRDA:29,1,0,1
BRDA:32,2,0,1
BRDA:36,3,0,1
BRF:4
BRH:4
end_of_record
TN:
SF:src\slices\orderSlice.ts
FN:27,clearOrder
FN:32,extraReducers
FN:52,getIsOrderLoading
FN:54,getOrder
FNF:4
FNH:2
FNDA:1,clearOrder
FNDA:2,extraReducers
FNDA:0,getIsOrderLoading
FNDA:0,getOrder
DA:1,1
DA:2,1
DA:3,1
DA:4,1
DA:5,1
DA:6,1
DA:7,1
DA:8,1
DA:9,1
DA:10,1
DA:11,1
DA:12,1
DA:13,1
DA:14,1
DA:15,1
DA:16,1
DA:17,1
DA:18,1
DA:19,1
DA:20,1
DA:21,1
DA:22,1
DA:23,1
DA:24,1
DA:25,1
DA:26,1
DA:27,1
DA:28,1
DA:29,1
DA:30,1
DA:31,1
DA:32,1
DA:33,2
DA:34,2
DA:35,1
DA:36,2
DA:37,2
DA:38,1
DA:39,1
DA:40,2
DA:41,2
DA:42,1
DA:43,1
DA:44,2
DA:45,2
DA:46,1
DA:47,1
DA:48,1
DA:49,1
DA:50,1
DA:51,1
DA:52,1
DA:53,0
DA:54,1
LF:54
LH:53
BRDA:27,0,0,1
BRDA:32,1,0,2
BRDA:34,2,0,1
BRDA:37,3,0,1
BRDA:41,4,0,1
BRF:5
BRH:5
end_of_record
TN:
SF:src\slices\userSlice.ts
FN:81,clearErrors
FN:85,extraReducers
FN:162,getIsAuthChecked
FN:164,getLoginUserRequest
FN:166,getUserName
FN:167,getUserEmail
FN:168,getUser
FN:169,getUserOrders
FN:170,getOrdersRequest
FN:171,getError
FNF:10
FNH:2
FNDA:1,clearErrors
FNDA:2,extraReducers
FNDA:0,getIsAuthChecked
FNDA:0,getLoginUserRequest
FNDA:0,getUserName
FNDA:0,getUserEmail
FNDA:0,getUser
FNDA:0,getUserOrders
FNDA:0,getOrdersRequest
FNDA:0,getError
DA:1,1
DA:2,1
DA:3,1
DA:4,1
DA:5,1
DA:6,1
DA:7,1
DA:8,1
DA:9,1
DA:10,1
DA:11,1
DA:12,1
DA:13,1
DA:14,1
DA:15,1
DA:16,1
DA:17,1
DA:18,1
DA:19,1
DA:20,1
DA:21,1
DA:22,1
DA:23,1
DA:24,1
DA:25,1
DA:26,1
DA:27,1
DA:28,1
DA:29,1
DA:30,1
DA:31,1
DA:32,1
DA:33,1
DA:34,1
DA:35,0
DA:36,1
DA:37,1
DA:38,1
DA:39,0
DA:40,1
DA:41,1
DA:42,1
DA:43,1
DA:44,1
DA:45,0
DA:46,0
DA:47,0
DA:48,0
DA:49,0
DA:50,1
DA:51,1
DA:52,1
DA:53,1
DA:54,1
DA:55,1
DA:56,0
DA:57,0
DA:58,0
DA:59,0
DA:60,0
DA:61,1
DA:62,1
DA:63,1
DA:64,1
DA:65,1
DA:66,1
DA:67,1
DA:68,1
DA:69,1
DA:70,1
DA:71,0
DA:72,0
DA:73,0
DA:74,0
DA:75,1
DA:76,1
DA:77,1
DA:78,1
DA:79,1
DA:80,1
DA:81,1
DA:82,1
DA:83,1
DA:84,1
DA:85,1
DA:86,2
DA:87,2
DA:88,1
DA:89,1
DA:90,2
DA:91,2
DA:92,1
DA:93,1
DA:94,2
DA:95,2
DA:96,1
DA:97,1
DA:98,1
DA:99,2
DA:100,2
DA:101,1
DA:102,1
DA:103,1
DA:104,2
DA:105,2
DA:106,1
DA:107,2
DA:108,2
DA:109,1
DA:110,1
DA:111,1
DA:112,2
DA:113,2
DA:114,1
DA:115,1
DA:116,1
DA:117,2
DA:118,2
DA:119,1
DA:120,1
DA:121,2
DA:122,2
DA:123,1
DA:124,1
DA:125,1
DA:126,2
DA:127,2
DA:128,1
DA:129,1
DA:130,1
DA:131,2
DA:132,2
DA:133,1
DA:134,2
DA:135,2
DA:136,1
DA:137,1
DA:138,2
DA:139,2
DA:140,1
DA:141,1
DA:142,1
DA:143,2
DA:144,2
DA:145,1
DA:146,2
DA:147,2
DA:148,1
DA:149,1
DA:150,2
DA:151,2
DA:152,1
DA:153,1
DA:154,2
DA:155,2
DA:156,1
DA:157,1
DA:158,1
DA:159,1
DA:160,1
DA:161,1
DA:162,1
DA:163,0
DA:164,1
DA:165,0
DA:166,1
DA:167,1
DA:168,1
DA:169,1
DA:170,1
DA:171,1
LF:171
LH:153
BRDA:81,0,0,1
BRDA:85,1,0,2
BRDA:87,2,0,1
BRDA:91,3,0,1
BRDA:95,4,0,1
BRDA:100,5,0,1
BRDA:105,6,0,1
BRDA:108,7,0,1
BRDA:113,8,0,1
BRDA:118,9,0,1
BRDA:122,10,0,1
BRDA:127,11,0,1
BRDA:132,12,0,1
BRDA:135,13,0,1
BRDA:139,14,0,1
BRDA:144,15,0,1
BRDA:147,16,0,1
BRDA:151,17,0,1
BRF:18
BRH:18
end_of_record
